Using pre-set license

 COMMAND LINE ARGUMENTS:
/Applications/Unity/Hub/Editor/2020.2.2f1/Unity.app/Contents/MacOS/Unity
-adb2
-batchMode
-noUpm
-name
AssetImportWorker2
-projectPath
/Users/elliotcraig/Desktop/C-300/JohnLemon/3D Beginner
-logFile
Logs/AssetImportWorker2.log
-srvPort
51233
Successfully changed project path to: /Users/elliotcraig/Desktop/C-300/JohnLemon/3D Beginner
/Users/elliotcraig/Desktop/C-300/JohnLemon/3D Beginner
Using Asset Import Pipeline V2.
Refreshing native plugins compatible for Editor in 43.40 ms, found 1 plugins.
Preloading 0 native plugins for Editor in 0.00 ms.
Initialize engine version: 2020.2.2f1 (068178b99f32)
[Subsystems] Discovering subsystems at path /Applications/Unity/Hub/Editor/2020.2.2f1/Unity.app/Contents/Resources/UnitySubsystems
[Subsystems] Discovering subsystems at path /Users/elliotcraig/Desktop/C-300/JohnLemon/3D Beginner/Assets
GfxDevice: creating device client; threaded=0
2021-03-29 13:38:49.574 Unity[36488:1150196] Color LCD preferred device: AMD Radeon Pro 555 (high power)
2021-03-29 13:38:49.574 Unity[36488:1150196] Metal devices available: 2
2021-03-29 13:38:49.574 Unity[36488:1150196] 0: AMD Radeon Pro 555 (high power)
2021-03-29 13:38:49.574 Unity[36488:1150196] 1: Intel(R) HD Graphics 630 (low power)
2021-03-29 13:38:49.575 Unity[36488:1150196] Using device AMD Radeon Pro 555 (high power)
Initializing Metal device caps: AMD Radeon Pro 555
Initialize mono
Mono path[0] = '/Applications/Unity/Hub/Editor/2020.2.2f1/Unity.app/Contents/Managed'
Mono path[1] = '/Applications/Unity/Hub/Editor/2020.2.2f1/Unity.app/Contents/MonoBleedingEdge/lib/mono/unityjit'
Mono config path = '/Applications/Unity/Hub/Editor/2020.2.2f1/Unity.app/Contents/MonoBleedingEdge/etc'
Using monoOptions --debugger-agent=transport=dt_socket,embedding=1,server=y,suspend=n,address=127.0.0.1:56488
Begin MonoManager ReloadAssembly
Registering precompiled unity dll's ...
Register platform support module: /Applications/Unity/Hub/Editor/2020.2.2f1/Unity.app/Contents/PlaybackEngines/MacStandaloneSupport/UnityEditor.OSXStandalone.Extensions.dll
Registered in 0.000358 seconds.
Native extension for OSXStandalone target not found
Refreshing native plugins compatible for Editor in 39.60 ms, found 1 plugins.
Preloading 0 native plugins for Editor in 0.00 ms.
Invoked RoslynAnalysisRunner static constructor.
RoslynAnalysisRunner will not be running.
RoslynAnalysisRunner has terminated.
Mono: successfully reloaded assembly
- Completed reload, in  1.652 seconds
Platform modules already initialized, skipping
Registering precompiled user dll's ...
Registered in 0.001632 seconds.
Begin MonoManager ReloadAssembly
Native extension for OSXStandalone target not found
Refreshing native plugins compatible for Editor in 0.51 ms, found 1 plugins.
Preloading 0 native plugins for Editor in 0.00 ms.
Invoked RoslynAnalysisRunner static constructor.
RoslynAnalysisRunner will not be running.
RoslynAnalysisRunner has terminated.
Mono: successfully reloaded assembly
- Completed reload, in  1.180 seconds
Platform modules already initialized, skipping
========================================================================
Worker process is ready to serve import requests
Launching external process: /Applications/Unity/Hub/Editor/2020.2.2f1/Unity.app/Contents/Tools/UnityShaderCompiler
Launched and connected shader compiler UnityShaderCompiler after 0.01 seconds
Refreshing native plugins compatible for Editor in 0.49 ms, found 1 plugins.
Preloading 0 native plugins for Editor in 0.00 ms.
Unloading 1610 Unused Serialized files (Serialized files now loaded: 0)
System memory in use before: 209.3 MB.
System memory in use after: 209.4 MB.

Unloading 35 unused Assets to reduce memory usage. Loaded Objects now: 2043.
Total: 2.504325 ms (FindLiveObjects: 0.289886 ms CreateObjectMapping: 0.106342 ms MarkObjects: 2.005176 ms  DeleteObjects: 0.101532 ms)

========================================================================
Received Import Request.
  path: Assets/Scenes/MainScene
  artifactKey: Guid(1a8ca1a349d61418db2d13953db692ad) Importer(815301076,1909f56bfc062723c751e8b465ee728b)
Start importing Assets/Scenes/MainScene using Guid(1a8ca1a349d61418db2d13953db692ad) Importer(815301076,1909f56bfc062723c751e8b465ee728b)  -> (artifact id: 'f4827d8a4b8a098e391aae929caf928c') in 0.004396 seconds
  Import took 0.008044 seconds .

========================================================================
Received Import Request.
  Time since last request: 0.000264 seconds.
  path: Assets/Scenes
  artifactKey: Guid(3c1652586ea9c41cfae9e98a647646e4) Importer(815301076,1909f56bfc062723c751e8b465ee728b)
Start importing Assets/Scenes using Guid(3c1652586ea9c41cfae9e98a647646e4) Importer(815301076,1909f56bfc062723c751e8b465ee728b)  -> (artifact id: 'e228786a6c548f3f468cf552e84e89c7') in 0.000805 seconds
  Import took 0.003054 seconds .

========================================================================
Received Import Request.
  Time since last request: 0.000177 seconds.
  path: Assets/Scenes/MainScene_Profiles/GlobalPost Profile.asset
  artifactKey: Guid(0e948194b3fc4460bb80a376edd991aa) Importer(815301076,1909f56bfc062723c751e8b465ee728b)
Start importing Assets/Scenes/MainScene_Profiles/GlobalPost Profile.asset using Guid(0e948194b3fc4460bb80a376edd991aa) Importer(815301076,1909f56bfc062723c751e8b465ee728b)  -> (artifact id: '90c042239eaf5a4783c9fb93b4e6fc78') in 0.272791 seconds
  Import took 0.275269 seconds .

========================================================================
Received Import Request.
  Time since last request: 0.000248 seconds.
  path: Assets/Scenes/MainScene/NavMesh.asset
  artifactKey: Guid(38f9af82b92f84fc792e24bc7dc964a7) Importer(815301076,1909f56bfc062723c751e8b465ee728b)
Start importing Assets/Scenes/MainScene/NavMesh.asset using Guid(38f9af82b92f84fc792e24bc7dc964a7) Importer(815301076,1909f56bfc062723c751e8b465ee728b)  -> (artifact id: '68a2889ec6fb3ba6bb7d8d22c5a77054') in 0.002159 seconds
  Import took 0.004797 seconds .

========================================================================
Received Import Request.
  Time since last request: 0.000239 seconds.
  path: Assets/Readme.asset
  artifactKey: Guid(5aa8565dc31eb3f4a97f05eb11fe8445) Importer(815301076,1909f56bfc062723c751e8b465ee728b)
Start importing Assets/Readme.asset using Guid(5aa8565dc31eb3f4a97f05eb11fe8445) Importer(815301076,1909f56bfc062723c751e8b465ee728b)  -> (artifact id: 'cd457f5520778445baf876a58ab38d40') in 0.004962 seconds
  Import took 0.007939 seconds .

========================================================================
Received Import Request.
  Time since last request: 0.000251 seconds.
  path: Assets/Scenes/MainScene.unity
  artifactKey: Guid(9fc0d4010bbf28b4594072e72b8655ab) Importer(815301076,1909f56bfc062723c751e8b465ee728b)
Start importing Assets/Scenes/MainScene.unity using Guid(9fc0d4010bbf28b4594072e72b8655ab) Importer(815301076,1909f56bfc062723c751e8b465ee728b)  -> (artifact id: 'd77a06c1d3f8324f55b4046d58f3f3b6') in 0.001365 seconds
  Import took 0.004304 seconds .

========================================================================
Received Import Request.
  Time since last request: 8.743686 seconds.
  path: Assets/Scenes/ModificationScene.unity
  artifactKey: Guid(0e1308d13a35d406db500c6cacc12962) Importer(815301076,1909f56bfc062723c751e8b465ee728b)
Start importing Assets/Scenes/ModificationScene.unity using Guid(0e1308d13a35d406db500c6cacc12962) Importer(815301076,1909f56bfc062723c751e8b465ee728b)  -> (artifact id: 'ba92799619e4e2bba488a192caf37fd4') in 0.007568 seconds
  Import took 0.010916 seconds .

========================================================================
Received Prepare
Registering precompiled user dll's ...
Registered in 0.001285 seconds.
Begin MonoManager ReloadAssembly
Native extension for OSXStandalone target not found
Refreshing native plugins compatible for Editor in 0.63 ms, found 1 plugins.
Preloading 0 native plugins for Editor in 0.00 ms.
Invoked RoslynAnalysisRunner static constructor.
RoslynAnalysisRunner will not be running.
RoslynAnalysisRunner has terminated.
Mono: successfully reloaded assembly
- Completed reload, in  0.965 seconds
Platform modules already initialized, skipping
Refreshing native plugins compatible for Editor in 0.82 ms, found 1 plugins.
Preloading 0 native plugins for Editor in 0.00 ms.
Unloading 1573 Unused Serialized files (Serialized files now loaded: 0)
System memory in use before: 212.3 MB.
System memory in use after: 212.4 MB.

Unloading 26 unused Assets to reduce memory usage. Loaded Objects now: 2046.
Total: 2.043824 ms (FindLiveObjects: 0.215146 ms CreateObjectMapping: 0.080758 ms MarkObjects: 1.725254 ms  DeleteObjects: 0.021254 ms)

