Using pre-set license

 COMMAND LINE ARGUMENTS:
/Applications/Unity/Hub/Editor/2020.2.2f1/Unity.app/Contents/MacOS/Unity
-adb2
-batchMode
-noUpm
-name
AssetImportWorker0
-projectPath
/Users/elliotcraig/Desktop/C-300/JohnLemon/3D Beginner
-logFile
Logs/AssetImportWorker0.log
-srvPort
49911
Successfully changed project path to: /Users/elliotcraig/Desktop/C-300/JohnLemon/3D Beginner
/Users/elliotcraig/Desktop/C-300/JohnLemon/3D Beginner
Using Asset Import Pipeline V2.
Refreshing native plugins compatible for Editor in 43.61 ms, found 1 plugins.
Preloading 0 native plugins for Editor in 0.00 ms.
Initialize engine version: 2020.2.2f1 (068178b99f32)
[Subsystems] Discovering subsystems at path /Applications/Unity/Hub/Editor/2020.2.2f1/Unity.app/Contents/Resources/UnitySubsystems
[Subsystems] Discovering subsystems at path /Users/elliotcraig/Desktop/C-300/JohnLemon/3D Beginner/Assets
GfxDevice: creating device client; threaded=0
2021-03-08 11:53:06.485 Unity[17749:4215839] Color LCD preferred device: AMD Radeon Pro 555 (high power)
2021-03-08 11:53:06.485 Unity[17749:4215839] Metal devices available: 2
2021-03-08 11:53:06.485 Unity[17749:4215839] 0: AMD Radeon Pro 555 (high power)
2021-03-08 11:53:06.485 Unity[17749:4215839] 1: Intel(R) HD Graphics 630 (low power)
2021-03-08 11:53:06.486 Unity[17749:4215839] Using device AMD Radeon Pro 555 (high power)
Initializing Metal device caps: AMD Radeon Pro 555
Initialize mono
Mono path[0] = '/Applications/Unity/Hub/Editor/2020.2.2f1/Unity.app/Contents/Managed'
Mono path[1] = '/Applications/Unity/Hub/Editor/2020.2.2f1/Unity.app/Contents/MonoBleedingEdge/lib/mono/unityjit'
Mono config path = '/Applications/Unity/Hub/Editor/2020.2.2f1/Unity.app/Contents/MonoBleedingEdge/etc'
Using monoOptions --debugger-agent=transport=dt_socket,embedding=1,server=y,suspend=n,address=127.0.0.1:56749
Begin MonoManager ReloadAssembly
Registering precompiled unity dll's ...
Register platform support module: /Applications/Unity/Hub/Editor/2020.2.2f1/Unity.app/Contents/PlaybackEngines/MacStandaloneSupport/UnityEditor.OSXStandalone.Extensions.dll
Registered in 0.000352 seconds.
Native extension for OSXStandalone target not found
Refreshing native plugins compatible for Editor in 35.76 ms, found 1 plugins.
Preloading 0 native plugins for Editor in 0.00 ms.
Invoked RoslynAnalysisRunner static constructor.
RoslynAnalysisRunner will not be running.
RoslynAnalysisRunner has terminated.
Mono: successfully reloaded assembly
- Completed reload, in  1.577 seconds
Platform modules already initialized, skipping
Registering precompiled user dll's ...
Registered in 0.001190 seconds.
Begin MonoManager ReloadAssembly
Native extension for OSXStandalone target not found
Refreshing native plugins compatible for Editor in 0.46 ms, found 1 plugins.
Preloading 0 native plugins for Editor in 0.00 ms.
Invoked RoslynAnalysisRunner static constructor.
RoslynAnalysisRunner will not be running.
RoslynAnalysisRunner has terminated.
Mono: successfully reloaded assembly
- Completed reload, in  1.007 seconds
Platform modules already initialized, skipping
========================================================================
Worker process is ready to serve import requests
Launching external process: /Applications/Unity/Hub/Editor/2020.2.2f1/Unity.app/Contents/Tools/UnityShaderCompiler
Launched and connected shader compiler UnityShaderCompiler after 0.02 seconds
Refreshing native plugins compatible for Editor in 0.47 ms, found 1 plugins.
Preloading 0 native plugins for Editor in 0.00 ms.
Unloading 1606 Unused Serialized files (Serialized files now loaded: 0)
System memory in use before: 133.2 MB.
System memory in use after: 133.3 MB.

Unloading 36 unused Assets to reduce memory usage. Loaded Objects now: 2034.
Total: 2.825335 ms (FindLiveObjects: 0.402256 ms CreateObjectMapping: 0.169771 ms MarkObjects: 2.109349 ms  DeleteObjects: 0.142171 ms)

========================================================================
Received Import Request.
  path: Assets/Readme.asset
  artifactKey: Guid(5aa8565dc31eb3f4a97f05eb11fe8445) Importer(815301076,1909f56bfc062723c751e8b465ee728b)
Start importing Assets/Readme.asset using Guid(5aa8565dc31eb3f4a97f05eb11fe8445) Importer(815301076,1909f56bfc062723c751e8b465ee728b)  -> (artifact id: 'cd457f5520778445baf876a58ab38d40') in 0.229420 seconds
  Import took 0.233933 seconds .

========================================================================
Received Prepare
Registering precompiled user dll's ...
Registered in 0.001431 seconds.
Begin MonoManager ReloadAssembly
Native extension for OSXStandalone target not found
Refreshing native plugins compatible for Editor in 0.54 ms, found 1 plugins.
Preloading 0 native plugins for Editor in 0.00 ms.
Invoked RoslynAnalysisRunner static constructor.
RoslynAnalysisRunner will not be running.
RoslynAnalysisRunner has terminated.
Mono: successfully reloaded assembly
- Completed reload, in  1.023 seconds
Platform modules already initialized, skipping
Refreshing native plugins compatible for Editor in 0.51 ms, found 1 plugins.
Preloading 0 native plugins for Editor in 0.00 ms.
Unloading 1570 Unused Serialized files (Serialized files now loaded: 0)
System memory in use before: 135.5 MB.
System memory in use after: 135.5 MB.

Unloading 27 unused Assets to reduce memory usage. Loaded Objects now: 2037.
Total: 2.209704 ms (FindLiveObjects: 0.250109 ms CreateObjectMapping: 0.069864 ms MarkObjects: 1.816326 ms  DeleteObjects: 0.072303 ms)

========================================================================
Received Import Request.
  Time since last request: 67.138209 seconds.
  path: Assets/Scenes
  artifactKey: Guid(3c1652586ea9c41cfae9e98a647646e4) Importer(815301076,1909f56bfc062723c751e8b465ee728b)
Start importing Assets/Scenes using Guid(3c1652586ea9c41cfae9e98a647646e4) Importer(815301076,1909f56bfc062723c751e8b465ee728b)  -> (artifact id: 'e228786a6c548f3f468cf552e84e89c7') in 0.008992 seconds
  Import took 0.012318 seconds .

========================================================================
Received Import Request.
  Time since last request: 0.009986 seconds.
  path: Assets/Scenes
  artifactKey: Guid(3c1652586ea9c41cfae9e98a647646e4) Importer(815301076,1909f56bfc062723c751e8b465ee728b)
Start importing Assets/Scenes using Guid(3c1652586ea9c41cfae9e98a647646e4) Importer(815301076,1909f56bfc062723c751e8b465ee728b)  -> (artifact id: 'e228786a6c548f3f468cf552e84e89c7') in 0.000943 seconds
  Import took 0.004145 seconds .

========================================================================
Received Import Request.
  Time since last request: 1.197387 seconds.
  path: Assets/Scenes/SampleScene.unity
  artifactKey: Guid(9fc0d4010bbf28b4594072e72b8655ab) Importer(815301076,1909f56bfc062723c751e8b465ee728b)
Start importing Assets/Scenes/SampleScene.unity using Guid(9fc0d4010bbf28b4594072e72b8655ab) Importer(815301076,1909f56bfc062723c751e8b465ee728b)  -> (artifact id: '9831e44e2a700a6e1119228b2d38e767') in 0.014852 seconds
  Import took 0.017862 seconds .

========================================================================
Received Import Request.
  Time since last request: 4.397648 seconds.
  path: Assets/3DBeginner_Third-PartyNotice.txt
  artifactKey: Guid(4c1c6e46639c29541911c32a51da1a3f) Importer(815301076,1909f56bfc062723c751e8b465ee728b)
Start importing Assets/3DBeginner_Third-PartyNotice.txt using Guid(4c1c6e46639c29541911c32a51da1a3f) Importer(815301076,1909f56bfc062723c751e8b465ee728b)  -> (artifact id: 'c84ce609ab39523ac40d7d1902d8b0b8') in 0.318590 seconds
  Import took 0.321549 seconds .

========================================================================
Received Import Request.
  Time since last request: 0.643525 seconds.
  path: Assets/3DBeginner_Third-PartyNotice.txt
  artifactKey: Guid(4c1c6e46639c29541911c32a51da1a3f) Importer(815301076,1909f56bfc062723c751e8b465ee728b)
Start importing Assets/3DBeginner_Third-PartyNotice.txt using Guid(4c1c6e46639c29541911c32a51da1a3f) Importer(815301076,1909f56bfc062723c751e8b465ee728b)  -> (artifact id: 'c84ce609ab39523ac40d7d1902d8b0b8') in 0.003939 seconds
  Import took 0.007261 seconds .

========================================================================
Received Import Request.
  Time since last request: 0.053963 seconds.
  path: Assets/Animation
  artifactKey: Guid(1f19bea6983d93d4083ef7ffa4b8bdfb) Importer(815301076,1909f56bfc062723c751e8b465ee728b)
Start importing Assets/Animation using Guid(1f19bea6983d93d4083ef7ffa4b8bdfb) Importer(815301076,1909f56bfc062723c751e8b465ee728b)  -> (artifact id: 'df9305bfe21dbcc204504f720e5aa7b4') in 0.002353 seconds
  Import took 0.005532 seconds .

========================================================================
Received Import Request.
  Time since last request: 0.000927 seconds.
  path: Assets/Animation
  artifactKey: Guid(1f19bea6983d93d4083ef7ffa4b8bdfb) Importer(815301076,1909f56bfc062723c751e8b465ee728b)
Start importing Assets/Animation using Guid(1f19bea6983d93d4083ef7ffa4b8bdfb) Importer(815301076,1909f56bfc062723c751e8b465ee728b)  -> (artifact id: 'df9305bfe21dbcc204504f720e5aa7b4') in 0.000763 seconds
  Import took 0.003995 seconds .

========================================================================
Received Import Request.
  Time since last request: 0.964244 seconds.
  path: Assets/Audio
  artifactKey: Guid(99292649337aea64a81aee4d4de15241) Importer(815301076,1909f56bfc062723c751e8b465ee728b)
Start importing Assets/Audio using Guid(99292649337aea64a81aee4d4de15241) Importer(815301076,1909f56bfc062723c751e8b465ee728b)  -> (artifact id: '94e370219739bb7a31b7fe4d77b629d8') in 0.006108 seconds
  Import took 0.008795 seconds .

========================================================================
Received Import Request.
  Time since last request: 0.463778 seconds.
  path: Assets/Gizmos
  artifactKey: Guid(78109d2a419166245a5419f7798874c2) Importer(815301076,1909f56bfc062723c751e8b465ee728b)
Start importing Assets/Gizmos using Guid(78109d2a419166245a5419f7798874c2) Importer(815301076,1909f56bfc062723c751e8b465ee728b)  -> (artifact id: 'd5d2b74095a2e85eee9b4e95dc09e62d') in 0.005963 seconds
  Import took 0.009054 seconds .

========================================================================
Received Import Request.
  Time since last request: 0.508131 seconds.
  path: Assets/Materials
  artifactKey: Guid(3f0f264239b4ea943937dd9d0fc60963) Importer(815301076,1909f56bfc062723c751e8b465ee728b)
Start importing Assets/Materials using Guid(3f0f264239b4ea943937dd9d0fc60963) Importer(815301076,1909f56bfc062723c751e8b465ee728b)  -> (artifact id: '503e6ed80fbe354bbff30c8af68b2430') in 0.006019 seconds
  Import took 0.009360 seconds .

========================================================================
Received Import Request.
  Time since last request: 0.376553 seconds.
  path: Assets/Models
  artifactKey: Guid(5c22133398df5aa4eba6d956857390aa) Importer(815301076,1909f56bfc062723c751e8b465ee728b)
Start importing Assets/Models using Guid(5c22133398df5aa4eba6d956857390aa) Importer(815301076,1909f56bfc062723c751e8b465ee728b)  -> (artifact id: '884a7464189db5ce36f5cbb0cd419794') in 0.005973 seconds
  Import took 0.008812 seconds .

========================================================================
Received Import Request.
  Time since last request: 0.968954 seconds.
  path: Assets/Prefabs
  artifactKey: Guid(9b0f9186b9caf554f82133b3d58436ef) Importer(815301076,1909f56bfc062723c751e8b465ee728b)
Start importing Assets/Prefabs using Guid(9b0f9186b9caf554f82133b3d58436ef) Importer(815301076,1909f56bfc062723c751e8b465ee728b)  -> (artifact id: '9502f36498df8939845e658ea972a226') in 0.005929 seconds
  Import took 0.008858 seconds .

========================================================================
Received Import Request.
  Time since last request: 0.873801 seconds.
  path: Assets/Scripts
  artifactKey: Guid(4b32d296f22ef544caf49758d8111991) Importer(815301076,1909f56bfc062723c751e8b465ee728b)
Start importing Assets/Scripts using Guid(4b32d296f22ef544caf49758d8111991) Importer(815301076,1909f56bfc062723c751e8b465ee728b)  -> (artifact id: 'fb802642b0a041b67dc501d481f3bbf6') in 0.006057 seconds
  Import took 0.009482 seconds .

========================================================================
Received Import Request.
  Time since last request: 0.448299 seconds.
  path: Assets/Shaders
  artifactKey: Guid(45488f1b5d87a2f4197b11c01e63e244) Importer(815301076,1909f56bfc062723c751e8b465ee728b)
Start importing Assets/Shaders using Guid(45488f1b5d87a2f4197b11c01e63e244) Importer(815301076,1909f56bfc062723c751e8b465ee728b)  -> (artifact id: '33dede47b545853c7f9ef50e5a19147a') in 0.005992 seconds
  Import took 0.009296 seconds .

========================================================================
Received Import Request.
  Time since last request: 0.374201 seconds.
  path: Assets/Textures
  artifactKey: Guid(94072af5b8dc2c94cba8b6a9b44945d6) Importer(815301076,1909f56bfc062723c751e8b465ee728b)
Start importing Assets/Textures using Guid(94072af5b8dc2c94cba8b6a9b44945d6) Importer(815301076,1909f56bfc062723c751e8b465ee728b)  -> (artifact id: '9e8f28e908456e6eb8f32c6ea11431d0') in 0.001160 seconds
  Import took 0.004416 seconds .

========================================================================
Received Import Request.
  Time since last request: 0.001337 seconds.
  path: Assets/Textures
  artifactKey: Guid(94072af5b8dc2c94cba8b6a9b44945d6) Importer(815301076,1909f56bfc062723c751e8b465ee728b)
Start importing Assets/Textures using Guid(94072af5b8dc2c94cba8b6a9b44945d6) Importer(815301076,1909f56bfc062723c751e8b465ee728b)  -> (artifact id: '9e8f28e908456e6eb8f32c6ea11431d0') in 0.000993 seconds
  Import took 0.003945 seconds .

========================================================================
Received Import Request.
  Time since last request: 162.808899 seconds.
  path: Assets/Prefabs/Level.prefab
  artifactKey: Guid(549c69af39b84624b8a053537c407def) Importer(815301076,1909f56bfc062723c751e8b465ee728b)
Start importing Assets/Prefabs/Level.prefab using Guid(549c69af39b84624b8a053537c407def) Importer(815301076,1909f56bfc062723c751e8b465ee728b)  -> (artifact id: '597c0a7b65c3b941991e9be693f30777') in 6.731331 seconds
  Import took 6.756522 seconds .

========================================================================
Received Import Request.
  Time since last request: 72.810807 seconds.
  path: Assets/Scenes/MainScene.unity
  artifactKey: Guid(9fc0d4010bbf28b4594072e72b8655ab) Importer(815301076,1909f56bfc062723c751e8b465ee728b)
Start importing Assets/Scenes/MainScene.unity using Guid(9fc0d4010bbf28b4594072e72b8655ab) Importer(815301076,1909f56bfc062723c751e8b465ee728b)  -> (artifact id: '93462f283c8f00c15f8969d12bae9436') in 0.008846 seconds
  Import took 0.013178 seconds .

========================================================================
Received Import Request.
  Time since last request: 31.306203 seconds.
  path: Assets/Models/Characters
  artifactKey: Guid(0a4baff46de2c5f42a4a87eb698b18ed) Importer(815301076,1909f56bfc062723c751e8b465ee728b)
Start importing Assets/Models/Characters using Guid(0a4baff46de2c5f42a4a87eb698b18ed) Importer(815301076,1909f56bfc062723c751e8b465ee728b)  -> (artifact id: 'fecaec6512af244a5e8daff79d92d369') in 0.005981 seconds
  Import took 0.009487 seconds .

========================================================================
Received Import Request.
  Time since last request: 0.066437 seconds.
  path: Assets/Models/Characters/Gargoyle.fbx
  artifactKey: Guid(d3312d02a690eda48bd6807bf5c78084) Importer(815301076,1909f56bfc062723c751e8b465ee728b)
Start importing Assets/Models/Characters/Gargoyle.fbx using Guid(d3312d02a690eda48bd6807bf5c78084) Importer(815301076,1909f56bfc062723c751e8b465ee728b)  -> (artifact id: 'da3bca7561bf7cdb8130dc46d415f521') in 0.922534 seconds
  Import took 0.927336 seconds .

========================================================================
Received Import Request.
  Time since last request: 0.000298 seconds.
  path: Assets/Models/Characters/Ghost.fbx
  artifactKey: Guid(563ac48ff656d49478fd93213f4c0eb8) Importer(815301076,1909f56bfc062723c751e8b465ee728b)
Start importing Assets/Models/Characters/Ghost.fbx using Guid(563ac48ff656d49478fd93213f4c0eb8) Importer(815301076,1909f56bfc062723c751e8b465ee728b)  -> (artifact id: '55bc753d917dedd23c409b85315dbf41') in 0.057511 seconds
  Import took 0.061173 seconds .

========================================================================
Received Import Request.
  Time since last request: 0.000314 seconds.
  path: Assets/Models/Characters/JohnLemon.fbx
  artifactKey: Guid(b44f3940c4940544a8c2c6aee5fa086f) Importer(815301076,1909f56bfc062723c751e8b465ee728b)
Start importing Assets/Models/Characters/JohnLemon.fbx using Guid(b44f3940c4940544a8c2c6aee5fa086f) Importer(815301076,1909f56bfc062723c751e8b465ee728b)  -> (artifact id: 'ca59e677934c384a9aec7a5eedd622ce') in 0.317377 seconds
  Import took 0.321239 seconds .

========================================================================
Received Import Request.
  Time since last request: 256.992011 seconds.
  path: Assets/Prefabs/JohnLemon.prefab
  artifactKey: Guid(c80836a5e73664b589b50e1c236b12e0) Importer(815301076,1909f56bfc062723c751e8b465ee728b)
Start importing Assets/Prefabs/JohnLemon.prefab using Guid(c80836a5e73664b589b50e1c236b12e0) Importer(815301076,1909f56bfc062723c751e8b465ee728b)  -> (artifact id: '0e006a89d00dfc34fe33e7f5aa6e32d4') in 0.033263 seconds
  Import took 0.037347 seconds .

